[debug] [2021-05-04T09:26:32.352Z] ----------------------------------------------------------------------
[debug] [2021-05-04T09:26:32.357Z] Command:       C:\Program Files\nodejs\node.exe C:\Users\Ajay\AppData\Roaming\npm\node_modules\firebase-tools\lib\bin\firebase.js login
[debug] [2021-05-04T09:26:32.357Z] CLI Version:   9.10.0
[debug] [2021-05-04T09:26:32.357Z] Platform:      win32
[debug] [2021-05-04T09:26:32.358Z] Node Version:  v12.18.0
[debug] [2021-05-04T09:26:32.359Z] Time:          Tue May 04 2021 14:56:32 GMT+0530 (India Standard Time)
[debug] [2021-05-04T09:26:32.359Z] ----------------------------------------------------------------------
[debug] 
[debug] [2021-05-04T09:26:32.363Z] >>> [apiv2][query] GET https://firebase-public.firebaseio.com/cli.json [none]
[info] i  Firebase optionally collects CLI usage and error reporting information to help improve our products. Data is collected in accordance with Google's privacy policy (https://policies.google.com/privacy) and is not used to identify you.
 
[debug] [2021-05-04T09:26:33.681Z] <<< [apiv2][status] GET https://firebase-public.firebaseio.com/cli.json 200
[debug] [2021-05-04T09:26:33.682Z] <<< [apiv2][body] GET https://firebase-public.firebaseio.com/cli.json {"cloudBuildErrorAfter":1594252800000,"cloudBuildWarnAfter":1590019200000,"defaultNode10After":1594252800000,"minVersion":"3.0.5","node8DeploysDisabledAfter":1613390400000,"node8RuntimeDisabledAfter":1615809600000,"node8WarnAfter":1600128000000}
[info] i  To change your data collection preference at any time, run `firebase logout` and log in again. 
[info] 
[info] Visit this URL on this device to log in:
[info] https://accounts.google.com/o/oauth2/auth?client_id=563584335869-fgrhgmd47bqnekij5i8b5pr03ho849e6.apps.googleusercontent.com&scope=email%20openid%20https%3A%2F%2Fwww.googleapis.com%2Fauth%2Fcloudplatformprojects.readonly%20https%3A%2F%2Fwww.googleapis.com%2Fauth%2Ffirebase%20https%3A%2F%2Fwww.googleapis.com%2Fauth%2Fcloud-platform&response_type=code&state=787604133&redirect_uri=http%3A%2F%2Flocalhost%3A9005
[info] 
[info] Waiting for authentication...
[debug] [2021-05-04T09:26:42.106Z] Error: spawn cmd ENOENT
    at Process.ChildProcess._handle.onexit (internal/child_process.js:267:19)
    at onErrorNT (internal/child_process.js:469:16)
    at processTicksAndRejections (internal/process/task_queues.js:84:21)
[error] 
[error] Error: An unexpected error has occurred.
[debug] [2021-05-04T09:27:50.212Z] ----------------------------------------------------------------------
[debug] [2021-05-04T09:27:50.216Z] Command:       C:\Program Files\nodejs\node.exe C:\Users\Ajay\AppData\Roaming\npm\node_modules\firebase-tools\lib\bin\firebase.js login
[debug] [2021-05-04T09:27:50.216Z] CLI Version:   9.10.0
[debug] [2021-05-04T09:27:50.217Z] Platform:      win32
[debug] [2021-05-04T09:27:50.217Z] Node Version:  v12.18.0
[debug] [2021-05-04T09:27:50.218Z] Time:          Tue May 04 2021 14:57:50 GMT+0530 (India Standard Time)
[debug] [2021-05-04T09:27:50.218Z] ----------------------------------------------------------------------
[debug] 
[info] i  Firebase optionally collects CLI usage and error reporting information to help improve our products. Data is collected in accordance with Google's privacy policy (https://policies.google.com/privacy) and is not used to identify you.
 
[info] i  To change your data collection preference at any time, run `firebase logout` and log in again. 
[info] 
[info] Visit this URL on this device to log in:
[info] https://accounts.google.com/o/oauth2/auth?client_id=563584335869-fgrhgmd47bqnekij5i8b5pr03ho849e6.apps.googleusercontent.com&scope=email%20openid%20https%3A%2F%2Fwww.googleapis.com%2Fauth%2Fcloudplatformprojects.readonly%20https%3A%2F%2Fwww.googleapis.com%2Fauth%2Ffirebase%20https%3A%2F%2Fwww.googleapis.com%2Fauth%2Fcloud-platform&response_type=code&state=332747479&redirect_uri=http%3A%2F%2Flocalhost%3A9005
[info] 
[info] Waiting for authentication...
[debug] [2021-05-04T09:27:53.529Z] Error: spawn cmd ENOENT
    at Process.ChildProcess._handle.onexit (internal/child_process.js:267:19)
    at onErrorNT (internal/child_process.js:469:16)
    at processTicksAndRejections (internal/process/task_queues.js:84:21)
[error] 
[error] Error: An unexpected error has occurred.
[debug] [2021-05-04T09:38:40.250Z] ----------------------------------------------------------------------
[debug] [2021-05-04T09:38:40.254Z] Command:       C:\Program Files\nodejs\node.exe C:\Users\Ajay\AppData\Roaming\npm\node_modules\firebase-tools\lib\bin\firebase.js login
[debug] [2021-05-04T09:38:40.254Z] CLI Version:   9.10.0
[debug] [2021-05-04T09:38:40.254Z] Platform:      win32
[debug] [2021-05-04T09:38:40.255Z] Node Version:  v12.18.0
[debug] [2021-05-04T09:38:40.256Z] Time:          Tue May 04 2021 15:08:40 GMT+0530 (India Standard Time)
[debug] [2021-05-04T09:38:40.256Z] ----------------------------------------------------------------------
[debug] 
[info] i  Firebase optionally collects CLI usage and error reporting information to help improve our products. Data is collected in accordance with Google's privacy policy (https://policies.google.com/privacy) and is not used to identify you.
 
[info] 
[info] Visit this URL on this device to log in:
[info] https://accounts.google.com/o/oauth2/auth?client_id=563584335869-fgrhgmd47bqnekij5i8b5pr03ho849e6.apps.googleusercontent.com&scope=email%20openid%20https%3A%2F%2Fwww.googleapis.com%2Fauth%2Fcloudplatformprojects.readonly%20https%3A%2F%2Fwww.googleapis.com%2Fauth%2Ffirebase%20https%3A%2F%2Fwww.googleapis.com%2Fauth%2Fcloud-platform&response_type=code&state=627054681&redirect_uri=http%3A%2F%2Flocalhost%3A9005
[info] 
[info] Waiting for authentication...
[debug] [2021-05-04T09:38:42.456Z] Error: spawn cmd ENOENT
    at Process.ChildProcess._handle.onexit (internal/child_process.js:267:19)
    at onErrorNT (internal/child_process.js:469:16)
    at processTicksAndRejections (internal/process/task_queues.js:84:21)
[error] 
[error] Error: An unexpected error has occurred.
[debug] [2021-05-04T09:54:07.808Z] ----------------------------------------------------------------------
[debug] [2021-05-04T09:54:07.812Z] Command:       C:\Program Files\nodejs\node.exe C:\Users\Ajay\AppData\Roaming\npm\node_modules\firebase-tools\lib\bin\firebase.js login:ci
[debug] [2021-05-04T09:54:07.812Z] CLI Version:   9.10.0
[debug] [2021-05-04T09:54:07.812Z] Platform:      win32
[debug] [2021-05-04T09:54:07.813Z] Node Version:  v12.18.0
[debug] [2021-05-04T09:54:07.814Z] Time:          Tue May 04 2021 15:24:07 GMT+0530 (India Standard Time)
[debug] [2021-05-04T09:54:07.814Z] ----------------------------------------------------------------------
[debug] 
[info] 
[info] Visit this URL on this device to log in:
[info] https://accounts.google.com/o/oauth2/auth?client_id=563584335869-fgrhgmd47bqnekij5i8b5pr03ho849e6.apps.googleusercontent.com&scope=email%20openid%20https%3A%2F%2Fwww.googleapis.com%2Fauth%2Fcloudplatformprojects.readonly%20https%3A%2F%2Fwww.googleapis.com%2Fauth%2Ffirebase%20https%3A%2F%2Fwww.googleapis.com%2Fauth%2Fcloud-platform&response_type=code&state=754788224&redirect_uri=http%3A%2F%2Flocalhost%3A9005
[info] 
[info] Waiting for authentication...
[debug] [2021-05-04T09:54:07.860Z] Error: spawn cmd ENOENT
    at Process.ChildProcess._handle.onexit (internal/child_process.js:267:19)
    at onErrorNT (internal/child_process.js:469:16)
    at processTicksAndRejections (internal/process/task_queues.js:84:21)
[error] 
[error] Error: An unexpected error has occurred.
